<?xml version="1.0" encoding="UTF-8"?>
<testsuite xmlns:xsi="http://www.w3.org/2001/XMLSchema-instance" xsi:noNamespaceSchemaLocation="https://maven.apache.org/surefire/maven-surefire-plugin/xsd/surefire-test-report-3.0.xsd" version="3.0" name="com.cd.service.impl.SecurityAlertRuleEngineImplTest" time="1.515" tests="4" errors="0" skipped="0" failures="0">
  <properties>
[...]
</properties>
  <testcase name="shouldSuppressAlertWhenExistingNewAlertHasSameDedupKey" classname="com.cd.service.impl.SecurityAlertRuleEngineImplTest" time="1.45"/>
  <testcase name="shouldRaiseQuickLoginAlertForNewAccount" classname="com.cd.service.impl.SecurityAlertRuleEngineImplTest" time="0.016"/>
  <testcase name="shouldNotTreatMediumAssetRiskAsDangerousLoginByItself" classname="com.cd.service.impl.SecurityAlertRuleEngineImplTest" time="0.019"/>
  <testcase name="shouldAggregateBruteForceIntoSingleAlertAtThreshold" classname="com.cd.service.impl.SecurityAlertRuleEngineImplTest" time="0.015"/>
</testsuite>